GeoMapApp1/GeoMapApp1/app/build/outputs/logs/manifest-merger-debug-report.txt
-- Merging decision tree log ---
manifest
ADDED from src\main\AndroidManifest.xml:2:1-151:12
	package
		ADDED from src\main\AndroidManifest.xml:3:5-34
		INJECTED from src\main\AndroidManifest.xml
		INJECTED from src\main\AndroidManifest.xml
	android:versionName
		ADDED from src\main\AndroidManifest.xml:5:5-30
	android:versionCode
		ADDED from src\main\AndroidManifest.xml:4:5-28
		INJECTED from src\main\AndroidManifest.xml
		INJECTED from src\main\AndroidManifest.xml
	xmlns:android
		ADDED from src\main\AndroidManifest.xml:2:11-69
permission#info.tawsoft.osmium.permission.MAPS_RECEIVE
ADDED from src\main\AndroidManifest.xml:7:5-9:47
	android:protectionLevel
		ADDED from src\main\AndroidManifest.xml:9:9-44
	android:name
		ADDED from src\main\AndroidManifest.xml:8:9-67
uses-sdk
ADDED from src\main\AndroidManifest.xml:11:5-13:41
MERGED from [com.google.android.gms:play-services:4.4.52] AndroidManifest.xml:17:5-42
	android:targetSdkVersion
		ADDED from src\main\AndroidManifest.xml:13:9-38
		INJECTED from src\main\AndroidManifest.xml
		INJECTED from src\main\AndroidManifest.xml
	android:minSdkVersion
		ADDED from src\main\AndroidManifest.xml:12:9-35
		INJECTED from src\main\AndroidManifest.xml
		INJECTED from src\main\AndroidManifest.xml
uses-feature#0x00020000
ADDED from src\main\AndroidManifest.xml:15:5-17:35
	android:glEsVersion
		ADDED from src\main\AndroidManifest.xml:16:9-41
	android:required
		ADDED from src\main\AndroidManifest.xml:17:9-32
uses-permission#info.tawsoft.osmium.permission.MAPS_RECEIVE
ADDED from src\main\AndroidManifest.xml:19:5-83
	android:name
		ADDED from src\main\AndroidManifest.xml:19:22-80
uses-permission#android.permission.INTERNET
ADDED from src\main\AndroidManifest.xml:20:5-67
	android:name
		ADDED from src\main\AndroidManifest.xml:20:22-64
uses-permission#android.permission.ACCESS_NETWORK_STATE
ADDED from src\main\AndroidManifest.xml:21:5-79
	android:name
		ADDED from src\main\AndroidManifest.xml:21:22-76
uses-permission#android.permission.WRITE_EXTERNAL_STORAGE
ADDED from src\main\AndroidManifest.xml:22:5-81
	android:name
		ADDED from src\main\AndroidManifest.xml:22:22-78
uses-permission#com.google.android.providers.gsf.permission.READ_GSERVICES
ADDED from src\main\AndroidManifest.xml:23:5-98
	android:name
		ADDED from src\main\AndroidManifest.xml:23:22-95
uses-permission#android.permission.ACCESS_FINE_LOCATION
ADDED from src\main\AndroidManifest.xml:25:5-79
	android:name
		ADDED from src\main\AndroidManifest.xml:25:22-76
uses-permission#android.permission.VIBRATE
ADDED from src\main\AndroidManifest.xml:26:5-66
	android:name
		ADDED from src\main\AndroidManifest.xml:26:22-63
uses-permission#android.permission.WRITE_SETTINGS
ADDED from src\main\AndroidManifest.xml:27:5-73
	android:name
		ADDED from src\main\AndroidManifest.xml:27:22-70
uses-permission#android.permission.READ_PHONE_STATE
ADDED from src\main\AndroidManifest.xml:30:5-75
	android:name
		ADDED from src\main\AndroidManifest.xml:30:22-72
uses-permission#android.permission.MODIFY_PHONE_STATE
ADDED from src\main\AndroidManifest.xml:31:5-77
	android:name
		ADDED from src\main\AndroidManifest.xml:31:22-74
uses-permission#android.permission.CALL_PHONE
ADDED from src\main\AndroidManifest.xml:32:5-69
	android:name
		ADDED from src\main\AndroidManifest.xml:32:22-66
uses-permission#android.permission.RECEIVE_BOOT_COMPLETED
ADDED from src\main\AndroidManifest.xml:34:5-81
	android:name
		ADDED from src\main\AndroidManifest.xml:34:22-78
uses-feature#android.hardware.telephony
ADDED from src\main\AndroidManifest.xml:37:5-39:36
	android:required
		ADDED from src\main\AndroidManifest.xml:39:9-33
	android:name
		ADDED from src\main\AndroidManifest.xml:38:9-50
uses-permission#android.permission.SEND_SMS
ADDED from src\main\AndroidManifest.xml:40:5-66
	android:name
		ADDED from src\main\AndroidManifest.xml:40:22-64
application
ADDED from src\main\AndroidManifest.xml:42:5-149:19
MERGED from [com.google.android.gms:play-services:4.4.52] AndroidManifest.xml:18:5-19
	android:label
		ADDED from src\main\AndroidManifest.xml:45:9-41
	android:allowBackup
		ADDED from src\main\AndroidManifest.xml:43:9-35
	android:icon
		ADDED from src\main\AndroidManifest.xml:44:9-45
	android:theme
		ADDED from src\main\AndroidManifest.xml:46:9-40
activity#info.tawsoft.osmium.MainActivity
ADDED from src\main\AndroidManifest.xml:47:9-56:20
	android:screenOrientation
		ADDED from src\main\AndroidManifest.xml:50:13-49
	android:label
		ADDED from src\main\AndroidManifest.xml:49:13-45
	android:name
		ADDED from src\main\AndroidManifest.xml:48:13-60
intent-filter#android.intent.category.DEFAULT+info.tawsoft.osmium.MainActivity
ADDED from src\main\AndroidManifest.xml:51:13-55:29
action#info.tawsoft.osmium.MainActivity
ADDED from src\main\AndroidManifest.xml:52:17-75
	android:name
		ADDED from src\main\AndroidManifest.xml:52:25-72
category#android.intent.category.DEFAULT
ADDED from src\main\AndroidManifest.xml:54:17-76
	android:name
		ADDED from src\main\AndroidManifest.xml:54:27-73
activity#info.tawsoft.osmium.Map
ADDED from src\main\AndroidManifest.xml:57:9-67:20
	android:screenOrientation
		ADDED from src\main\AndroidManifest.xml:60:13-49
	android:label
		ADDED from src\main\AndroidManifest.xml:59:13-45
	android:windowSoftInputMode
		ADDED from src\main\AndroidManifest.xml:61:13-54
	android:name
		ADDED from src\main\AndroidManifest.xml:58:13-51
intent-filter#android.intent.category.DEFAULT+info.tawsoft.osmium.Map
ADDED from src\main\AndroidManifest.xml:62:13-66:29
action#info.tawsoft.osmium.Map
ADDED from src\main\AndroidManifest.xml:63:17-66
	android:name
		ADDED from src\main\AndroidManifest.xml:63:25-63
activity#info.tawsoft.osmium.SetEvent
ADDED from src\main\AndroidManifest.xml:68:9-78:20
	android:screenOrientation
		ADDED from src\main\AndroidManifest.xml:71:13-49
	android:label
		ADDED from src\main\AndroidManifest.xml:70:13-45
	android:windowSoftInputMode
		ADDED from src\main\AndroidManifest.xml:72:13-54
	android:name
		ADDED from src\main\AndroidManifest.xml:69:13-56
intent-filter#android.intent.category.DEFAULT+info.tawsoft.osmium.SetEvent
ADDED from src\main\AndroidManifest.xml:73:13-77:29
action#info.tawsoft.osmium.SetEvent
ADDED from src\main\AndroidManifest.xml:74:17-71
	android:name
		ADDED from src\main\AndroidManifest.xml:74:25-68
activity#info.tawsoft.osmium.EditInfo
ADDED from src\main\AndroidManifest.xml:79:9-89:20
	android:screenOrientation
		ADDED from src\main\AndroidManifest.xml:82:13-49
	android:label
		ADDED from src\main\AndroidManifest.xml:81:13-45
	android:windowSoftInputMode
		ADDED from src\main\AndroidManifest.xml:83:13-54
	android:name
		ADDED from src\main\AndroidManifest.xml:80:13-56
intent-filter#android.intent.category.DEFAULT+info.tawsoft.osmium.EditInfo
ADDED from src\main\AndroidManifest.xml:84:13-88:29
action#info.tawsoft.osmium.EditInfo
ADDED from src\main\AndroidManifest.xml:85:17-71
	android:name
		ADDED from src\main\AndroidManifest.xml:85:25-68
activity#info.tawsoft.osmium.Testing
ADDED from src\main\AndroidManifest.xml:90:9-99:20
	android:screenOrientation
		ADDED from src\main\AndroidManifest.xml:93:13-49
	android:label
		ADDED from src\main\AndroidManifest.xml:92:13-45
	android:name
		ADDED from src\main\AndroidManifest.xml:91:13-55
intent-filter#android.intent.category.DEFAULT+info.tawsoft.osmium.Testing
ADDED from src\main\AndroidManifest.xml:94:13-98:29
action#info.tawsoft.osmium.Testing
ADDED from src\main\AndroidManifest.xml:95:17-70
	android:name
		ADDED from src\main\AndroidManifest.xml:95:25-67
activity#info.tawsoft.osmium.proximity.ProximityActivity
ADDED from src\main\AndroidManifest.xml:100:9-109:20
	android:screenOrientation
		ADDED from src\main\AndroidManifest.xml:103:13-49
	android:label
		ADDED from src\main\AndroidManifest.xml:102:13-45
	android:name
		ADDED from src\main\AndroidManifest.xml:101:13-75
intent-filter#android.intent.category.DEFAULT+info.tawsoft.osmium.proximity.ProximityActivity
ADDED from src\main\AndroidManifest.xml:104:13-108:29
action#info.tawsoft.osmium.proximity.ProximityActivity
ADDED from src\main\AndroidManifest.xml:105:17-90
	android:name
		ADDED from src\main\AndroidManifest.xml:105:25-87
activity#info.tawsoft.osmium.proximity.NotificationView
ADDED from src\main\AndroidManifest.xml:110:9-119:20
	android:screenOrientation
		ADDED from src\main\AndroidManifest.xml:113:13-49
	android:label
		ADDED from src\main\AndroidManifest.xml:112:13-45
	android:name
		ADDED from src\main\AndroidManifest.xml:111:13-74
intent-filter#android.intent.category.DEFAULT+info.tawsoft.osmium.proximity..NotificationView
ADDED from src\main\AndroidManifest.xml:114:13-118:29
action#info.tawsoft.osmium.proximity..NotificationView
ADDED from src\main\AndroidManifest.xml:115:17-90
	android:name
		ADDED from src\main\AndroidManifest.xml:115:25-87
activity#info.tawsoft.osmium.Splash
ADDED from src\main\AndroidManifest.xml:120:9-129:20
	android:screenOrientation
		ADDED from src\main\AndroidManifest.xml:123:13-49
	android:label
		ADDED from src\main\AndroidManifest.xml:122:13-45
	android:name
		ADDED from src\main\AndroidManifest.xml:121:13-54
intent-filter#android.intent.action.MAIN+android.intent.category.LAUNCHER
ADDED from src\main\AndroidManifest.xml:124:13-128:29
action#android.intent.action.MAIN
ADDED from src\main\AndroidManifest.xml:125:17-69
	android:name
		ADDED from src\main\AndroidManifest.xml:125:25-66
category#android.intent.category.LAUNCHER
ADDED from src\main\AndroidManifest.xml:127:17-77
	android:name
		ADDED from src\main\AndroidManifest.xml:127:27-74
receiver#info.tawsoft.osmium.proximity.BroadcastReceiverProx
ADDED from src\main\AndroidManifest.xml:131:9-135:20
	android:name
		ADDED from src\main\AndroidManifest.xml:131:19-85
intent-filter#info.tawsoft.osmium.proximity.BroadcastReceiverProx
ADDED from src\main\AndroidManifest.xml:132:13-134:29
action#info.tawsoft.osmium.proximity.BroadcastReceiverProx
ADDED from src\main\AndroidManifest.xml:133:17-94
	android:name
		ADDED from src\main\AndroidManifest.xml:133:25-91
receiver#info.tawsoft.osmium.Receiver.BootupReceiver
ADDED from src\main\AndroidManifest.xml:137:9-141:20
	android:name
		ADDED from src\main\AndroidManifest.xml:137:19-77
intent-filter#android.intent.action.BOOT_COMPLETED
ADDED from src\main\AndroidManifest.xml:138:13-140:29
action#android.intent.action.BOOT_COMPLETED
ADDED from src\main\AndroidManifest.xml:139:17-79
	android:name
		ADDED from src\main\AndroidManifest.xml:139:25-76
meta-data#com.google.android.maps.v2.API_KEY
ADDED from src\main\AndroidManifest.xml:143:9-145:72
	android:value
		ADDED from src\main\AndroidManifest.xml:145:13-69
	android:name
		ADDED from src\main\AndroidManifest.xml:144:13-62
meta-data#com.google.android.gms.version
ADDED from src\main\AndroidManifest.xml:146:9-148:69
	android:value
		ADDED from src\main\AndroidManifest.xml:148:13-66
	android:name
		ADDED from src\main\AndroidManifest.xml:147:13-58